{"C:\\Users\\artem\\Desktop\\Netology\\Продвинутый JS\\method\\src\\js\\Character.js": {"path":"C:\\Users\\artem\\Desktop\\Netology\\Продвинутый JS\\method\\src\\js\\Character.js","statementMap":{"0":{"start":{"line":4,"column":4},"end":{"line":4,"column":23}},"1":{"start":{"line":5,"column":4},"end":{"line":5,"column":25}},"2":{"start":{"line":6,"column":4},"end":{"line":6,"column":27}},"3":{"start":{"line":7,"column":4},"end":{"line":7,"column":25}},"4":{"start":{"line":13,"column":4},"end":{"line":20,"column":5}},"5":{"start":{"line":14,"column":6},"end":{"line":14,"column":22}},"6":{"start":{"line":15,"column":6},"end":{"line":15,"column":39}},"7":{"start":{"line":16,"column":6},"end":{"line":16,"column":41}},"8":{"start":{"line":17,"column":6},"end":{"line":17,"column":24}},"9":{"start":{"line":19,"column":6},"end":{"line":19,"column":56}},"10":{"start":{"line":24,"column":4},"end":{"line":24,"column":53}}},"fnMap":{"0":{"name":"(anonymous_0)","decl":{"start":{"line":3,"column":2},"end":{"line":3,"column":3}},"loc":{"start":{"line":3,"column":46},"end":{"line":8,"column":3}},"line":3},"1":{"name":"(anonymous_1)","decl":{"start":{"line":11,"column":2},"end":{"line":11,"column":3}},"loc":{"start":{"line":11,"column":12},"end":{"line":21,"column":3}},"line":11},"2":{"name":"(anonymous_2)","decl":{"start":{"line":23,"column":2},"end":{"line":23,"column":3}},"loc":{"start":{"line":23,"column":17},"end":{"line":25,"column":3}},"line":23}},"branchMap":{"0":{"loc":{"start":{"line":13,"column":4},"end":{"line":20,"column":5}},"type":"if","locations":[{"start":{"line":13,"column":4},"end":{"line":20,"column":5}},{"start":{"line":13,"column":4},"end":{"line":20,"column":5}}],"line":13}},"s":{"0":5,"1":5,"2":5,"3":5,"4":2,"5":1,"6":1,"7":1,"8":1,"9":1,"10":1},"f":{"0":5,"1":2,"2":1},"b":{"0":[1,1]},"_coverageSchema":"1a1c01bbd47fc00a2c39e90264f33305004495a9","hash":"06e54f2b55d773cbe7983c7e2e9b63677088e3a4"}
}
